2026-02-19 15:38:48,549 - ingestion.main - INFO - ============================================================
2026-02-19 15:38:48,549 - ingestion.main - INFO - NVIDIA RAG Ingestion Started
2026-02-19 15:38:48,549 - ingestion.main - INFO - ============================================================
2026-02-19 15:38:48,549 - ingestion.main - INFO - Database: ..\bootstrap\manifest.db
2026-02-19 15:38:48,549 - ingestion.main - INFO - Ingestor: http://localhost:8082
2026-02-19 15:38:48,549 - ingestion.main - INFO - Collection: documents
2026-02-19 15:38:48,549 - ingestion.main - INFO - Batch size: 100
2026-02-19 15:38:48,552 - ingestion.main - INFO - Database stats: {'total': 573, 'pending': 573, 'completed': 0, 'failed': 0, 'ingesting': 0}
2026-02-19 15:38:48,552 - ingestion.main - INFO - Creating collection: documents
2026-02-19 15:38:52,650 - ingestion.main - ERROR - Failed to create collection: HTTPConnectionPool(host='localhost', port=8082): Max retries exceeded with url: /v1/collections (Caused by NewConnectionError("HTTPConnection(host='localhost', port=8082): Failed to establish a new connection: [WinError 10061] No connection could be made because the target machine actively refused it"))
2026-02-19 15:38:52,651 - ingestion.main - WARNING - Collection creation failed (may already exist): Failed to create collection: HTTPConnectionPool(host='localhost', port=8082): Max retries exceeded with url: /v1/collections (Caused by NewConnectionError("HTTPConnection(host='localhost', port=8082): Failed to establish a new connection: [WinError 10061] No connection could be made because the target machine actively refused it"))
2026-02-19 15:38:52,653 - ingestion.processor - INFO - Starting ingestion from offset=0, batch=0
2026-02-19 15:38:52,653 - ingestion.processor - INFO - Batch size: 100, Checkpoint interval: 10
2026-02-19 15:38:52,667 - ingestion.processor - INFO - Processing batch 1: 100 files
2026-02-19 15:38:58,290 - ingestion.main - ERROR - Upload request failed: HTTPConnectionPool(host='localhost', port=8082): Max retries exceeded with url: /v1/documents (Caused by NewConnectionError("HTTPConnection(host='localhost', port=8082): Failed to establish a new connection: [WinError 10061] No connection could be made because the target machine actively refused it"))
2026-02-19 15:38:58,297 - ingestion.processor - WARNING - Upload attempt 1/3 failed: Upload request failed: HTTPConnectionPool(host='localhost', port=8082): Max retries exceeded with url: /v1/documents (Caused by NewConnectionError("HTTPConnection(host='localhost', port=8082): Failed to establish a new connection: [WinError 10061] No connection could be made because the target machine actively refused it"))
2026-02-19 15:39:03,451 - ingestion.main - ERROR - Upload request failed: HTTPConnectionPool(host='localhost', port=8082): Max retries exceeded with url: /v1/documents (Caused by NewConnectionError("HTTPConnection(host='localhost', port=8082): Failed to establish a new connection: [WinError 10061] No connection could be made because the target machine actively refused it"))
2026-02-19 15:39:03,456 - ingestion.processor - WARNING - Upload attempt 2/3 failed: Upload request failed: HTTPConnectionPool(host='localhost', port=8082): Max retries exceeded with url: /v1/documents (Caused by NewConnectionError("HTTPConnection(host='localhost', port=8082): Failed to establish a new connection: [WinError 10061] No connection could be made because the target machine actively refused it"))
2026-02-19 15:39:09,569 - ingestion.main - ERROR - Upload request failed: HTTPConnectionPool(host='localhost', port=8082): Max retries exceeded with url: /v1/documents (Caused by NewConnectionError("HTTPConnection(host='localhost', port=8082): Failed to establish a new connection: [WinError 10061] No connection could be made because the target machine actively refused it"))
2026-02-19 15:39:09,580 - ingestion.processor - WARNING - Upload attempt 3/3 failed: Upload request failed: HTTPConnectionPool(host='localhost', port=8082): Max retries exceeded with url: /v1/documents (Caused by NewConnectionError("HTTPConnection(host='localhost', port=8082): Failed to establish a new connection: [WinError 10061] No connection could be made because the target machine actively refused it"))
2026-02-19 15:39:09,581 - ingestion.processor - ERROR - Batch 1 upload failed: Upload failed after 3 attempts: Upload request failed: HTTPConnectionPool(host='localhost', port=8082): Max retries exceeded with url: /v1/documents (Caused by NewConnectionError("HTTPConnection(host='localhost', port=8082): Failed to establish a new connection: [WinError 10061] No connection could be made because the target machine actively refused it"))
2026-02-19 15:39:10,334 - ingestion.processor - INFO - Processing batch 2: 100 files
2026-02-19 15:39:17,782 - ingestion.main - ERROR - Upload request failed: HTTPConnectionPool(host='localhost', port=8082): Max retries exceeded with url: /v1/documents (Caused by NewConnectionError("HTTPConnection(host='localhost', port=8082): Failed to establish a new connection: [WinError 10061] No connection could be made because the target machine actively refused it"))
2026-02-19 15:39:17,798 - ingestion.processor - WARNING - Upload attempt 1/3 failed: Upload request failed: HTTPConnectionPool(host='localhost', port=8082): Max retries exceeded with url: /v1/documents (Caused by NewConnectionError("HTTPConnection(host='localhost', port=8082): Failed to establish a new connection: [WinError 10061] No connection could be made because the target machine actively refused it"))
2026-02-19 15:39:22,901 - ingestion.main - ERROR - Upload request failed: HTTPConnectionPool(host='localhost', port=8082): Max retries exceeded with url: /v1/documents (Caused by NewConnectionError("HTTPConnection(host='localhost', port=8082): Failed to establish a new connection: [WinError 10061] No connection could be made because the target machine actively refused it"))
2026-02-19 15:39:22,906 - ingestion.processor - WARNING - Upload attempt 2/3 failed: Upload request failed: HTTPConnectionPool(host='localhost', port=8082): Max retries exceeded with url: /v1/documents (Caused by NewConnectionError("HTTPConnection(host='localhost', port=8082): Failed to establish a new connection: [WinError 10061] No connection could be made because the target machine actively refused it"))
2026-02-19 15:39:29,018 - ingestion.main - ERROR - Upload request failed: HTTPConnectionPool(host='localhost', port=8082): Max retries exceeded with url: /v1/documents (Caused by NewConnectionError("HTTPConnection(host='localhost', port=8082): Failed to establish a new connection: [WinError 10061] No connection could be made because the target machine actively refused it"))
2026-02-19 15:39:29,022 - ingestion.processor - WARNING - Upload attempt 3/3 failed: Upload request failed: HTTPConnectionPool(host='localhost', port=8082): Max retries exceeded with url: /v1/documents (Caused by NewConnectionError("HTTPConnection(host='localhost', port=8082): Failed to establish a new connection: [WinError 10061] No connection could be made because the target machine actively refused it"))
2026-02-19 15:39:29,023 - ingestion.processor - ERROR - Batch 2 upload failed: Upload failed after 3 attempts: Upload request failed: HTTPConnectionPool(host='localhost', port=8082): Max retries exceeded with url: /v1/documents (Caused by NewConnectionError("HTTPConnection(host='localhost', port=8082): Failed to establish a new connection: [WinError 10061] No connection could be made because the target machine actively refused it"))
2026-02-19 15:39:29,743 - ingestion.processor - INFO - Processing batch 3: 100 files
2026-02-19 15:39:38,562 - ingestion.main - ERROR - Upload request failed: HTTPConnectionPool(host='localhost', port=8082): Max retries exceeded with url: /v1/documents (Caused by NewConnectionError("HTTPConnection(host='localhost', port=8082): Failed to establish a new connection: [WinError 10061] No connection could be made because the target machine actively refused it"))
2026-02-19 15:39:38,574 - ingestion.processor - WARNING - Upload attempt 1/3 failed: Upload request failed: HTTPConnectionPool(host='localhost', port=8082): Max retries exceeded with url: /v1/documents (Caused by NewConnectionError("HTTPConnection(host='localhost', port=8082): Failed to establish a new connection: [WinError 10061] No connection could be made because the target machine actively refused it"))
2026-02-19 15:39:43,695 - ingestion.main - ERROR - Upload request failed: HTTPConnectionPool(host='localhost', port=8082): Max retries exceeded with url: /v1/documents (Caused by NewConnectionError("HTTPConnection(host='localhost', port=8082): Failed to establish a new connection: [WinError 10061] No connection could be made because the target machine actively refused it"))
2026-02-19 15:39:43,707 - ingestion.processor - WARNING - Upload attempt 2/3 failed: Upload request failed: HTTPConnectionPool(host='localhost', port=8082): Max retries exceeded with url: /v1/documents (Caused by NewConnectionError("HTTPConnection(host='localhost', port=8082): Failed to establish a new connection: [WinError 10061] No connection could be made because the target machine actively refused it"))
2026-02-19 15:39:49,825 - ingestion.main - ERROR - Upload request failed: HTTPConnectionPool(host='localhost', port=8082): Max retries exceeded with url: /v1/documents (Caused by NewConnectionError("HTTPConnection(host='localhost', port=8082): Failed to establish a new connection: [WinError 10061] No connection could be made because the target machine actively refused it"))
2026-02-19 15:39:49,836 - ingestion.processor - WARNING - Upload attempt 3/3 failed: Upload request failed: HTTPConnectionPool(host='localhost', port=8082): Max retries exceeded with url: /v1/documents (Caused by NewConnectionError("HTTPConnection(host='localhost', port=8082): Failed to establish a new connection: [WinError 10061] No connection could be made because the target machine actively refused it"))
2026-02-19 15:39:49,837 - ingestion.processor - ERROR - Batch 3 upload failed: Upload failed after 3 attempts: Upload request failed: HTTPConnectionPool(host='localhost', port=8082): Max retries exceeded with url: /v1/documents (Caused by NewConnectionError("HTTPConnection(host='localhost', port=8082): Failed to establish a new connection: [WinError 10061] No connection could be made because the target machine actively refused it"))
2026-02-19 15:39:50,536 - ingestion.processor - INFO - No more pending files. Ingestion complete!
2026-02-19 15:39:50,539 - ingestion.main - INFO - Ingestion completed successfully
2026-02-19 17:53:49,688 - ingestion.main - INFO - ============================================================
2026-02-19 17:53:49,689 - ingestion.main - INFO - NVIDIA RAG Ingestion Started
2026-02-19 17:53:49,690 - ingestion.main - INFO - ============================================================
2026-02-19 17:53:49,690 - ingestion.main - INFO - Database: ..\bootstrap\manifest.db
2026-02-19 17:53:49,690 - ingestion.main - INFO - Ingestor: http://localhost:8082
2026-02-19 17:53:49,690 - ingestion.main - INFO - Collection: documents
2026-02-19 17:53:49,690 - ingestion.main - INFO - Batch size: 100
2026-02-19 17:53:49,704 - ingestion.main - INFO - Database stats: {'total': 573, 'pending': 273, 'completed': 0, 'failed': 300, 'ingesting': 0}
2026-02-19 17:53:49,704 - ingestion.main - INFO - Creating collection: documents
2026-02-19 17:53:53,808 - ingestion.main - ERROR - Failed to create collection: HTTPConnectionPool(host='localhost', port=8082): Max retries exceeded with url: /v1/collections (Caused by NewConnectionError("HTTPConnection(host='localhost', port=8082): Failed to establish a new connection: [WinError 10061] No connection could be made because the target machine actively refused it"))
2026-02-19 17:53:53,809 - ingestion.main - WARNING - Collection creation failed (may already exist): Failed to create collection: HTTPConnectionPool(host='localhost', port=8082): Max retries exceeded with url: /v1/collections (Caused by NewConnectionError("HTTPConnection(host='localhost', port=8082): Failed to establish a new connection: [WinError 10061] No connection could be made because the target machine actively refused it"))
2026-02-19 17:53:53,811 - ingestion.processor - INFO - Starting ingestion from offset=0, batch=0
2026-02-19 17:53:53,812 - ingestion.processor - INFO - Batch size: 100, Checkpoint interval: 10
2026-02-19 17:53:53,820 - ingestion.processor - INFO - Processing batch 1: 100 files
2026-02-19 17:54:00,146 - ingestion.main - ERROR - Upload request failed: HTTPConnectionPool(host='localhost', port=8082): Max retries exceeded with url: /v1/documents (Caused by NewConnectionError("HTTPConnection(host='localhost', port=8082): Failed to establish a new connection: [WinError 10061] No connection could be made because the target machine actively refused it"))
2026-02-19 17:54:00,155 - ingestion.processor - WARNING - Upload attempt 1/3 failed: Upload request failed: HTTPConnectionPool(host='localhost', port=8082): Max retries exceeded with url: /v1/documents (Caused by NewConnectionError("HTTPConnection(host='localhost', port=8082): Failed to establish a new connection: [WinError 10061] No connection could be made because the target machine actively refused it"))
2026-02-19 17:54:05,278 - ingestion.main - ERROR - Upload request failed: HTTPConnectionPool(host='localhost', port=8082): Max retries exceeded with url: /v1/documents (Caused by NewConnectionError("HTTPConnection(host='localhost', port=8082): Failed to establish a new connection: [WinError 10061] No connection could be made because the target machine actively refused it"))
2026-02-19 17:54:05,279 - ingestion.processor - WARNING - Upload attempt 2/3 failed: Upload request failed: HTTPConnectionPool(host='localhost', port=8082): Max retries exceeded with url: /v1/documents (Caused by NewConnectionError("HTTPConnection(host='localhost', port=8082): Failed to establish a new connection: [WinError 10061] No connection could be made because the target machine actively refused it"))
2026-02-19 17:54:11,411 - ingestion.main - ERROR - Upload request failed: HTTPConnectionPool(host='localhost', port=8082): Max retries exceeded with url: /v1/documents (Caused by NewConnectionError("HTTPConnection(host='localhost', port=8082): Failed to establish a new connection: [WinError 10061] No connection could be made because the target machine actively refused it"))
2026-02-19 17:54:11,421 - ingestion.processor - WARNING - Upload attempt 3/3 failed: Upload request failed: HTTPConnectionPool(host='localhost', port=8082): Max retries exceeded with url: /v1/documents (Caused by NewConnectionError("HTTPConnection(host='localhost', port=8082): Failed to establish a new connection: [WinError 10061] No connection could be made because the target machine actively refused it"))
2026-02-19 17:54:11,422 - ingestion.processor - ERROR - Batch 1 upload failed: Upload failed after 3 attempts: Upload request failed: HTTPConnectionPool(host='localhost', port=8082): Max retries exceeded with url: /v1/documents (Caused by NewConnectionError("HTTPConnection(host='localhost', port=8082): Failed to establish a new connection: [WinError 10061] No connection could be made because the target machine actively refused it"))
2026-02-19 17:54:14,632 - ingestion.processor - INFO - Processing batch 2: 73 files
2026-02-19 17:54:19,731 - ingestion.processor - WARNING - Interrupted by user. Saving checkpoint...
2026-02-19 17:54:19,736 - ingestion.processor - INFO - Checkpoint saved. Resume with: --resume --checkpoint-file ingestion_checkpoint.json
2026-02-19 17:54:19,737 - ingestion.main - WARNING - Ingestion interrupted by user
2026-02-19 17:54:23,068 - ingestion.main - INFO - ============================================================
2026-02-19 17:54:23,069 - ingestion.main - INFO - NVIDIA RAG Ingestion Started
2026-02-19 17:54:23,069 - ingestion.main - INFO - ============================================================
2026-02-19 17:54:23,069 - ingestion.main - INFO - Database: ..\bootstrap\manifest.db
2026-02-19 17:54:23,069 - ingestion.main - INFO - Ingestor: http://localhost:8082
2026-02-19 17:54:23,069 - ingestion.main - INFO - Collection: documents
2026-02-19 17:54:23,069 - ingestion.main - INFO - Batch size: 100
2026-02-19 17:54:23,069 - ingestion.main - INFO - None
2026-02-19 17:54:23,074 - ingestion.main - INFO - Database stats: {'total': 573, 'pending': 100, 'completed': 0, 'failed': 400, 'ingesting': 73}
2026-02-19 17:54:23,074 - ingestion.main - INFO - Creating collection: documents
2026-02-19 17:54:27,172 - ingestion.main - ERROR - Failed to create collection: HTTPConnectionPool(host='localhost', port=8082): Max retries exceeded with url: /v1/collections (Caused by NewConnectionError("HTTPConnection(host='localhost', port=8082): Failed to establish a new connection: [WinError 10061] No connection could be made because the target machine actively refused it"))
2026-02-19 17:54:27,174 - ingestion.main - WARNING - Collection creation failed (may already exist): Failed to create collection: HTTPConnectionPool(host='localhost', port=8082): Max retries exceeded with url: /v1/collections (Caused by NewConnectionError("HTTPConnection(host='localhost', port=8082): Failed to establish a new connection: [WinError 10061] No connection could be made because the target machine actively refused it"))
2026-02-19 17:54:27,176 - ingestion.processor - INFO - Starting ingestion from offset=0, batch=0
2026-02-19 17:54:27,177 - ingestion.processor - INFO - Batch size: 100, Checkpoint interval: 10
2026-02-19 17:54:27,194 - ingestion.processor - INFO - Processing batch 1: 100 files
2026-02-19 17:54:40,501 - ingestion.main - ERROR - Upload request failed: HTTPConnectionPool(host='localhost', port=8082): Max retries exceeded with url: /v1/documents (Caused by NewConnectionError("HTTPConnection(host='localhost', port=8082): Failed to establish a new connection: [WinError 10061] No connection could be made because the target machine actively refused it"))
2026-02-19 17:54:40,515 - ingestion.processor - WARNING - Upload attempt 1/3 failed: Upload request failed: HTTPConnectionPool(host='localhost', port=8082): Max retries exceeded with url: /v1/documents (Caused by NewConnectionError("HTTPConnection(host='localhost', port=8082): Failed to establish a new connection: [WinError 10061] No connection could be made because the target machine actively refused it"))
2026-02-19 17:54:45,596 - ingestion.main - ERROR - Upload request failed: HTTPConnectionPool(host='localhost', port=8082): Max retries exceeded with url: /v1/documents (Caused by NewConnectionError("HTTPConnection(host='localhost', port=8082): Failed to establish a new connection: [WinError 10061] No connection could be made because the target machine actively refused it"))
2026-02-19 17:54:45,608 - ingestion.processor - WARNING - Upload attempt 2/3 failed: Upload request failed: HTTPConnectionPool(host='localhost', port=8082): Max retries exceeded with url: /v1/documents (Caused by NewConnectionError("HTTPConnection(host='localhost', port=8082): Failed to establish a new connection: [WinError 10061] No connection could be made because the target machine actively refused it"))
2026-02-19 17:54:51,707 - ingestion.main - ERROR - Upload request failed: HTTPConnectionPool(host='localhost', port=8082): Max retries exceeded with url: /v1/documents (Caused by NewConnectionError("HTTPConnection(host='localhost', port=8082): Failed to establish a new connection: [WinError 10061] No connection could be made because the target machine actively refused it"))
2026-02-19 17:54:51,709 - ingestion.processor - WARNING - Upload attempt 3/3 failed: Upload request failed: HTTPConnectionPool(host='localhost', port=8082): Max retries exceeded with url: /v1/documents (Caused by NewConnectionError("HTTPConnection(host='localhost', port=8082): Failed to establish a new connection: [WinError 10061] No connection could be made because the target machine actively refused it"))
2026-02-19 17:54:51,709 - ingestion.processor - ERROR - Batch 1 upload failed: Upload failed after 3 attempts: Upload request failed: HTTPConnectionPool(host='localhost', port=8082): Max retries exceeded with url: /v1/documents (Caused by NewConnectionError("HTTPConnection(host='localhost', port=8082): Failed to establish a new connection: [WinError 10061] No connection could be made because the target machine actively refused it"))
2026-02-19 17:54:52,539 - ingestion.processor - INFO - No more pending files. Ingestion complete!
2026-02-19 17:54:52,541 - ingestion.main - INFO - Ingestion completed successfully
2026-02-19 17:55:32,350 - ingestion.main - INFO - ============================================================
2026-02-19 17:55:32,350 - ingestion.main - INFO - NVIDIA RAG Ingestion Started
2026-02-19 17:55:32,351 - ingestion.main - INFO - ============================================================
2026-02-19 17:55:32,351 - ingestion.main - INFO - Database: ..\bootstrap\manifest.db
2026-02-19 17:55:32,351 - ingestion.main - INFO - Ingestor: http://localhost:8082
2026-02-19 17:55:32,351 - ingestion.main - INFO - Collection: documents
2026-02-19 17:55:32,351 - ingestion.main - INFO - Batch size: 100
2026-02-19 17:55:32,352 - ingestion.main - INFO - Proxy HTTP: Not set
2026-02-19 17:55:32,352 - ingestion.main - INFO - Proxy HTTPS: http://10.10.1.10:1080
2026-02-19 17:55:32,352 - ingestion.main - INFO - {'https': 'http://10.10.1.10:1080'}
2026-02-19 17:55:32,354 - ingestion.main - INFO - Database stats: {'total': 573, 'pending': 0, 'completed': 0, 'failed': 500, 'ingesting': 73}
2026-02-19 17:55:32,354 - ingestion.main - INFO - Creating collection: documents
2026-02-19 17:55:36,461 - ingestion.main - ERROR - Failed to create collection: HTTPConnectionPool(host='localhost', port=8082): Max retries exceeded with url: /v1/collections (Caused by NewConnectionError("HTTPConnection(host='localhost', port=8082): Failed to establish a new connection: [WinError 10061] No connection could be made because the target machine actively refused it"))
2026-02-19 17:55:36,463 - ingestion.main - WARNING - Collection creation failed (may already exist): Failed to create collection: HTTPConnectionPool(host='localhost', port=8082): Max retries exceeded with url: /v1/collections (Caused by NewConnectionError("HTTPConnection(host='localhost', port=8082): Failed to establish a new connection: [WinError 10061] No connection could be made because the target machine actively refused it"))
2026-02-19 17:55:36,465 - ingestion.processor - INFO - Starting ingestion from offset=0, batch=0
2026-02-19 17:55:36,467 - ingestion.processor - INFO - Batch size: 100, Checkpoint interval: 10
2026-02-19 17:55:36,484 - ingestion.processor - INFO - No more pending files. Ingestion complete!
2026-02-19 17:55:36,500 - ingestion.main - INFO - Ingestion completed successfully
2026-02-28 17:13:00,510 - ingestion.main - INFO - ============================================================
2026-02-28 17:13:00,511 - ingestion.main - INFO - NVIDIA RAG Ingestion Started
2026-02-28 17:13:00,511 - ingestion.main - INFO - ============================================================
2026-02-28 17:13:00,511 - ingestion.main - INFO - Database: C:\Arnab's Projects\opencode\dfs_rag\api\data\sessions\78e38b32-343f-4e86-a113-446935a0b461\manifest.db
2026-02-28 17:13:00,511 - ingestion.main - INFO - Ingestor: http://localhost:8082
2026-02-28 17:13:00,511 - ingestion.main - INFO - Collection: documents
2026-02-28 17:13:00,511 - ingestion.main - INFO - Batch size: 100
2026-02-28 17:13:00,513 - ingestion.main - INFO - Database stats: {'total': 3, 'pending': 3, 'completed': 0, 'failed': 0, 'ingesting': 0}
2026-02-28 17:13:00,514 - ingestion.main - INFO - Creating collection: documents
2026-02-28 17:13:04,582 - ingestion.main - ERROR - Failed to create collection: HTTPConnectionPool(host='localhost', port=8082): Max retries exceeded with url: /v1/collection (Caused by NewConnectionError("HTTPConnection(host='localhost', port=8082): Failed to establish a new connection: [WinError 10061] No connection could be made because the target machine actively refused it"))
2026-02-28 17:13:04,582 - ingestion.main - WARNING - Collection creation failed (may already exist): Failed to create collection: HTTPConnectionPool(host='localhost', port=8082): Max retries exceeded with url: /v1/collection (Caused by NewConnectionError("HTTPConnection(host='localhost', port=8082): Failed to establish a new connection: [WinError 10061] No connection could be made because the target machine actively refused it"))
2026-02-28 17:13:04,582 - ingestion.main - INFO - Fetching existing documents from collection 'documents' to skip already ingested files...
2026-02-28 17:13:08,637 - ingestion.main - ERROR - Failed to list documents: HTTPConnectionPool(host='localhost', port=8082): Max retries exceeded with url: /v1/documents?collection_name=documents (Caused by NewConnectionError("HTTPConnection(host='localhost', port=8082): Failed to establish a new connection: [WinError 10061] No connection could be made because the target machine actively refused it"))
2026-02-28 17:13:08,637 - ingestion.main - WARNING - Could not fetch existing documents: Failed to list documents: HTTPConnectionPool(host='localhost', port=8082): Max retries exceeded with url: /v1/documents?collection_name=documents (Caused by NewConnectionError("HTTPConnection(host='localhost', port=8082): Failed to establish a new connection: [WinError 10061] No connection could be made because the target machine actively refused it"))
2026-02-28 17:13:08,638 - ingestion.processor - INFO - Starting ingestion from offset=0, batch=0
2026-02-28 17:13:08,638 - ingestion.processor - INFO - Batch size: 100, Checkpoint interval: 10
2026-02-28 17:13:08,648 - ingestion.processor - INFO - Processing batch 1: 3 files
2026-02-28 17:13:12,891 - ingestion.main - ERROR - Upload request failed: HTTPConnectionPool(host='localhost', port=8082): Max retries exceeded with url: /v1/documents (Caused by NewConnectionError("HTTPConnection(host='localhost', port=8082): Failed to establish a new connection: [WinError 10061] No connection could be made because the target machine actively refused it"))
2026-02-28 17:13:12,892 - ingestion.processor - WARNING - Upload attempt 1/3 failed: Upload request failed: HTTPConnectionPool(host='localhost', port=8082): Max retries exceeded with url: /v1/documents (Caused by NewConnectionError("HTTPConnection(host='localhost', port=8082): Failed to establish a new connection: [WinError 10061] No connection could be made because the target machine actively refused it"))
2026-02-28 17:13:17,972 - ingestion.main - ERROR - Upload request failed: HTTPConnectionPool(host='localhost', port=8082): Max retries exceeded with url: /v1/documents (Caused by NewConnectionError("HTTPConnection(host='localhost', port=8082): Failed to establish a new connection: [WinError 10061] No connection could be made because the target machine actively refused it"))
2026-02-28 17:13:17,973 - ingestion.processor - WARNING - Upload attempt 2/3 failed: Upload request failed: HTTPConnectionPool(host='localhost', port=8082): Max retries exceeded with url: /v1/documents (Caused by NewConnectionError("HTTPConnection(host='localhost', port=8082): Failed to establish a new connection: [WinError 10061] No connection could be made because the target machine actively refused it"))
2026-02-28 17:13:24,077 - ingestion.main - ERROR - Upload request failed: HTTPConnectionPool(host='localhost', port=8082): Max retries exceeded with url: /v1/documents (Caused by NewConnectionError("HTTPConnection(host='localhost', port=8082): Failed to establish a new connection: [WinError 10061] No connection could be made because the target machine actively refused it"))
2026-02-28 17:13:24,078 - ingestion.processor - WARNING - Upload attempt 3/3 failed: Upload request failed: HTTPConnectionPool(host='localhost', port=8082): Max retries exceeded with url: /v1/documents (Caused by NewConnectionError("HTTPConnection(host='localhost', port=8082): Failed to establish a new connection: [WinError 10061] No connection could be made because the target machine actively refused it"))
2026-02-28 17:13:24,079 - ingestion.processor - ERROR - Batch 1 upload failed: Upload failed after 3 attempts: Upload request failed: HTTPConnectionPool(host='localhost', port=8082): Max retries exceeded with url: /v1/documents (Caused by NewConnectionError("HTTPConnection(host='localhost', port=8082): Failed to establish a new connection: [WinError 10061] No connection could be made because the target machine actively refused it"))
2026-02-28 17:13:24,148 - ingestion.processor - INFO - No more pending files. Ingestion complete!
2026-02-28 17:13:24,154 - ingestion.main - INFO - Ingestion completed successfully
2026-02-28 17:15:07,304 - ingestion.main - INFO - ============================================================
2026-02-28 17:15:07,304 - ingestion.main - INFO - NVIDIA RAG Ingestion Started
2026-02-28 17:15:07,305 - ingestion.main - INFO - ============================================================
2026-02-28 17:15:07,305 - ingestion.main - INFO - Database: C:\Arnab's Projects\opencode\dfs_rag\api\data\sessions\141b3d4d-503b-46b0-b861-a0ebddaeb4c3\manifest.db
2026-02-28 17:15:07,305 - ingestion.main - INFO - Ingestor: http://localhost:8082
2026-02-28 17:15:07,305 - ingestion.main - INFO - Collection: documents
2026-02-28 17:15:07,305 - ingestion.main - INFO - Batch size: 100
2026-02-28 17:15:07,307 - ingestion.main - INFO - Database stats: {'total': 3, 'pending': 3, 'completed': 0, 'failed': 0, 'ingesting': 0}
2026-02-28 17:15:07,307 - ingestion.main - INFO - Creating collection: documents
2026-02-28 17:15:11,378 - ingestion.main - ERROR - Failed to create collection: HTTPConnectionPool(host='localhost', port=8082): Max retries exceeded with url: /v1/collection (Caused by NewConnectionError("HTTPConnection(host='localhost', port=8082): Failed to establish a new connection: [WinError 10061] No connection could be made because the target machine actively refused it"))
2026-02-28 17:15:11,379 - ingestion.main - WARNING - Collection creation failed (may already exist): Failed to create collection: HTTPConnectionPool(host='localhost', port=8082): Max retries exceeded with url: /v1/collection (Caused by NewConnectionError("HTTPConnection(host='localhost', port=8082): Failed to establish a new connection: [WinError 10061] No connection could be made because the target machine actively refused it"))
2026-02-28 17:15:11,379 - ingestion.main - INFO - Fetching existing documents from collection 'documents' to skip already ingested files...
2026-02-28 17:15:15,462 - ingestion.main - ERROR - Failed to list documents: HTTPConnectionPool(host='localhost', port=8082): Max retries exceeded with url: /v1/documents?collection_name=documents (Caused by NewConnectionError("HTTPConnection(host='localhost', port=8082): Failed to establish a new connection: [WinError 10061] No connection could be made because the target machine actively refused it"))
2026-02-28 17:15:15,463 - ingestion.main - WARNING - Could not fetch existing documents: Failed to list documents: HTTPConnectionPool(host='localhost', port=8082): Max retries exceeded with url: /v1/documents?collection_name=documents (Caused by NewConnectionError("HTTPConnection(host='localhost', port=8082): Failed to establish a new connection: [WinError 10061] No connection could be made because the target machine actively refused it"))
2026-02-28 17:15:15,463 - ingestion.processor - INFO - Starting ingestion from offset=0, batch=0
2026-02-28 17:15:15,463 - ingestion.processor - INFO - Batch size: 100, Checkpoint interval: 10
2026-02-28 17:15:15,483 - ingestion.processor - INFO - Processing batch 1: 3 files
2026-02-28 17:15:15,490 - ingestion.main - ERROR - Ingestion failed: Database error updating status: no such column: remarks
Traceback (most recent call last):
  File "C:\Arnab's Projects\opencode\dfs_rag\ingestion\ingestion\repository.py", line 110, in update_ingestion_status
    cursor.execute("""
    ~~~~~~~~~~~~~~^^^^
        UPDATE manifest
        ^^^^^^^^^^^^^^^
    ...<5 lines>...
        WHERE file_path = ?
        ^^^^^^^^^^^^^^^^^^^
    """, (status, error, remarks, status, file_path))
    ^^^^^^^^^^^^^^^^^^^^^^^^^^^^^^^^^^^^^^^^^^^^^^^^^
sqlite3.OperationalError: no such column: remarks

The above exception was the direct cause of the following exception:

Traceback (most recent call last):
  File "C:\Arnab's Projects\opencode\dfs_rag\ingestion\ingestion\main.py", line 149, in run
    final_stats = processor.run(offset=offset, batch_num=batch_num)
  File "C:\Arnab's Projects\opencode\dfs_rag\ingestion\ingestion\processor.py", line 315, in run
    successful, failed = self.process_batch(files, current_batch)
                         ~~~~~~~~~~~~~~~~~~^^^^^^^^^^^^^^^^^^^^^^
  File "C:\Arnab's Projects\opencode\dfs_rag\ingestion\ingestion\processor.py", line 109, in process_batch
    self.repository.update_ingestion_status(
    ~~~~~~~~~~~~~~~~~~~~~~~~~~~~~~~~~~~~~~~^
        file_record.file_path,
        ^^^^^^^^^^^^^^^^^^^^^^
        status="ingesting",
        ^^^^^^^^^^^^^^^^^^^
        remarks="Preparing to upload to NVIDIA RAG API."
        ^^^^^^^^^^^^^^^^^^^^^^^^^^^^^^^^^^^^^^^^^^^^^^^^
    )
    ^
  File "C:\Arnab's Projects\opencode\dfs_rag\ingestion\ingestion\repository.py", line 124, in update_ingestion_status
    raise RuntimeError(f"Database error updating status: {e}") from e
RuntimeError: Database error updating status: no such column: remarks
2026-02-28 17:15:40,928 - ingestion.main - INFO - ============================================================
2026-02-28 17:15:40,928 - ingestion.main - INFO - NVIDIA RAG Ingestion Started
2026-02-28 17:15:40,928 - ingestion.main - INFO - ============================================================
2026-02-28 17:15:40,928 - ingestion.main - INFO - Database: C:\Arnab's Projects\opencode\dfs_rag\api\data\sessions\0599a9f0-1d3f-43a1-ab4d-af6edd0b0c5e\manifest.db
2026-02-28 17:15:40,928 - ingestion.main - INFO - Ingestor: http://localhost:8082
2026-02-28 17:15:40,928 - ingestion.main - INFO - Collection: documents
2026-02-28 17:15:40,928 - ingestion.main - INFO - Batch size: 100
2026-02-28 17:15:40,930 - ingestion.main - INFO - Database stats: {'total': 3, 'pending': 3, 'completed': 0, 'failed': 0, 'ingesting': 0}
2026-02-28 17:15:40,930 - ingestion.main - INFO - Creating collection: documents
2026-02-28 17:15:45,020 - ingestion.main - ERROR - Failed to create collection: HTTPConnectionPool(host='localhost', port=8082): Max retries exceeded with url: /v1/collection (Caused by NewConnectionError("HTTPConnection(host='localhost', port=8082): Failed to establish a new connection: [WinError 10061] No connection could be made because the target machine actively refused it"))
2026-02-28 17:15:45,020 - ingestion.main - WARNING - Collection creation failed (may already exist): Failed to create collection: HTTPConnectionPool(host='localhost', port=8082): Max retries exceeded with url: /v1/collection (Caused by NewConnectionError("HTTPConnection(host='localhost', port=8082): Failed to establish a new connection: [WinError 10061] No connection could be made because the target machine actively refused it"))
2026-02-28 17:15:45,020 - ingestion.main - INFO - Fetching existing documents from collection 'documents' to skip already ingested files...
2026-02-28 17:15:49,103 - ingestion.main - ERROR - Failed to list documents: HTTPConnectionPool(host='localhost', port=8082): Max retries exceeded with url: /v1/documents?collection_name=documents (Caused by NewConnectionError("HTTPConnection(host='localhost', port=8082): Failed to establish a new connection: [WinError 10061] No connection could be made because the target machine actively refused it"))
2026-02-28 17:15:49,103 - ingestion.main - WARNING - Could not fetch existing documents: Failed to list documents: HTTPConnectionPool(host='localhost', port=8082): Max retries exceeded with url: /v1/documents?collection_name=documents (Caused by NewConnectionError("HTTPConnection(host='localhost', port=8082): Failed to establish a new connection: [WinError 10061] No connection could be made because the target machine actively refused it"))
2026-02-28 17:15:49,103 - ingestion.processor - INFO - Starting ingestion from offset=0, batch=0
2026-02-28 17:15:49,103 - ingestion.processor - INFO - Batch size: 100, Checkpoint interval: 10
2026-02-28 17:15:49,110 - ingestion.processor - INFO - Processing batch 1: 3 files
2026-02-28 17:15:53,246 - ingestion.main - ERROR - Upload request failed: HTTPConnectionPool(host='localhost', port=8082): Max retries exceeded with url: /v1/documents (Caused by NewConnectionError("HTTPConnection(host='localhost', port=8082): Failed to establish a new connection: [WinError 10061] No connection could be made because the target machine actively refused it"))
2026-02-28 17:15:53,247 - ingestion.processor - WARNING - Upload attempt 1/3 failed: Upload request failed: HTTPConnectionPool(host='localhost', port=8082): Max retries exceeded with url: /v1/documents (Caused by NewConnectionError("HTTPConnection(host='localhost', port=8082): Failed to establish a new connection: [WinError 10061] No connection could be made because the target machine actively refused it"))
2026-02-28 17:15:58,359 - ingestion.main - ERROR - Upload request failed: HTTPConnectionPool(host='localhost', port=8082): Max retries exceeded with url: /v1/documents (Caused by NewConnectionError("HTTPConnection(host='localhost', port=8082): Failed to establish a new connection: [WinError 10061] No connection could be made because the target machine actively refused it"))
2026-02-28 17:15:58,359 - ingestion.processor - WARNING - Upload attempt 2/3 failed: Upload request failed: HTTPConnectionPool(host='localhost', port=8082): Max retries exceeded with url: /v1/documents (Caused by NewConnectionError("HTTPConnection(host='localhost', port=8082): Failed to establish a new connection: [WinError 10061] No connection could be made because the target machine actively refused it"))
2026-02-28 17:16:04,443 - ingestion.main - ERROR - Upload request failed: HTTPConnectionPool(host='localhost', port=8082): Max retries exceeded with url: /v1/documents (Caused by NewConnectionError("HTTPConnection(host='localhost', port=8082): Failed to establish a new connection: [WinError 10061] No connection could be made because the target machine actively refused it"))
2026-02-28 17:16:04,444 - ingestion.processor - WARNING - Upload attempt 3/3 failed: Upload request failed: HTTPConnectionPool(host='localhost', port=8082): Max retries exceeded with url: /v1/documents (Caused by NewConnectionError("HTTPConnection(host='localhost', port=8082): Failed to establish a new connection: [WinError 10061] No connection could be made because the target machine actively refused it"))
2026-02-28 17:16:04,444 - ingestion.processor - ERROR - Batch 1 upload failed: Upload failed after 3 attempts: Upload request failed: HTTPConnectionPool(host='localhost', port=8082): Max retries exceeded with url: /v1/documents (Caused by NewConnectionError("HTTPConnection(host='localhost', port=8082): Failed to establish a new connection: [WinError 10061] No connection could be made because the target machine actively refused it"))
2026-02-28 17:16:04,556 - ingestion.processor - INFO - No more pending files. Ingestion complete!
2026-02-28 17:16:04,558 - ingestion.main - INFO - Ingestion completed successfully
2026-03-02 10:46:57,284 - ingestion.main - INFO - ============================================================
2026-03-02 10:46:57,284 - ingestion.main - INFO - NVIDIA RAG Ingestion Started
2026-03-02 10:46:57,284 - ingestion.main - INFO - ============================================================
2026-03-02 10:46:57,285 - ingestion.main - INFO - Database: C:\Arnab's Projects\opencode\dfs_rag\api\data\sessions\8c0990a9-3e54-46d6-8363-39a6efcb6ca1\manifest.db
2026-03-02 10:46:57,285 - ingestion.main - INFO - Ingestor: http://localhost:8082
2026-03-02 10:46:57,285 - ingestion.main - INFO - Collection: documents
2026-03-02 10:46:57,285 - ingestion.main - INFO - Batch size: 100
2026-03-02 10:46:57,288 - ingestion.main - INFO - Database stats: {'total': 3, 'pending': 3, 'completed': 0, 'failed': 0, 'ingesting': 0}
2026-03-02 10:46:57,288 - ingestion.main - INFO - Creating collection: documents
2026-03-02 10:47:01,375 - ingestion.main - ERROR - Failed to create collection: HTTPConnectionPool(host='localhost', port=8082): Max retries exceeded with url: /v1/collection (Caused by NewConnectionError("HTTPConnection(host='localhost', port=8082): Failed to establish a new connection: [WinError 10061] No connection could be made because the target machine actively refused it"))
2026-03-02 10:47:01,375 - ingestion.main - WARNING - Collection creation failed (may already exist): Failed to create collection: HTTPConnectionPool(host='localhost', port=8082): Max retries exceeded with url: /v1/collection (Caused by NewConnectionError("HTTPConnection(host='localhost', port=8082): Failed to establish a new connection: [WinError 10061] No connection could be made because the target machine actively refused it"))
2026-03-02 10:47:01,375 - ingestion.main - INFO - Fetching existing documents from collection 'documents' to skip already ingested files...
2026-03-02 10:47:05,441 - ingestion.main - ERROR - Failed to list documents: HTTPConnectionPool(host='localhost', port=8082): Max retries exceeded with url: /v1/documents?collection_name=documents (Caused by NewConnectionError("HTTPConnection(host='localhost', port=8082): Failed to establish a new connection: [WinError 10061] No connection could be made because the target machine actively refused it"))
2026-03-02 10:47:05,441 - ingestion.main - WARNING - Could not fetch existing documents: Failed to list documents: HTTPConnectionPool(host='localhost', port=8082): Max retries exceeded with url: /v1/documents?collection_name=documents (Caused by NewConnectionError("HTTPConnection(host='localhost', port=8082): Failed to establish a new connection: [WinError 10061] No connection could be made because the target machine actively refused it"))
2026-03-02 10:47:05,441 - ingestion.processor - INFO - Starting ingestion from offset=0, batch=0
2026-03-02 10:47:05,441 - ingestion.processor - INFO - Batch size: 100, Checkpoint interval: 10
2026-03-02 10:47:05,444 - ingestion.processor - INFO - Processing batch 1: 3 files
2026-03-02 10:47:09,761 - ingestion.main - ERROR - Upload request failed: HTTPConnectionPool(host='localhost', port=8082): Max retries exceeded with url: /v1/documents (Caused by NewConnectionError("HTTPConnection(host='localhost', port=8082): Failed to establish a new connection: [WinError 10061] No connection could be made because the target machine actively refused it"))
2026-03-02 10:47:09,761 - ingestion.processor - WARNING - Upload attempt 1/3 failed: Upload request failed: HTTPConnectionPool(host='localhost', port=8082): Max retries exceeded with url: /v1/documents (Caused by NewConnectionError("HTTPConnection(host='localhost', port=8082): Failed to establish a new connection: [WinError 10061] No connection could be made because the target machine actively refused it"))
2026-03-02 10:47:14,830 - ingestion.main - ERROR - Upload request failed: HTTPConnectionPool(host='localhost', port=8082): Max retries exceeded with url: /v1/documents (Caused by NewConnectionError("HTTPConnection(host='localhost', port=8082): Failed to establish a new connection: [WinError 10061] No connection could be made because the target machine actively refused it"))
2026-03-02 10:47:14,830 - ingestion.processor - WARNING - Upload attempt 2/3 failed: Upload request failed: HTTPConnectionPool(host='localhost', port=8082): Max retries exceeded with url: /v1/documents (Caused by NewConnectionError("HTTPConnection(host='localhost', port=8082): Failed to establish a new connection: [WinError 10061] No connection could be made because the target machine actively refused it"))
2026-03-02 10:47:20,956 - ingestion.main - ERROR - Upload request failed: HTTPConnectionPool(host='localhost', port=8082): Max retries exceeded with url: /v1/documents (Caused by NewConnectionError("HTTPConnection(host='localhost', port=8082): Failed to establish a new connection: [WinError 10061] No connection could be made because the target machine actively refused it"))
2026-03-02 10:47:20,956 - ingestion.processor - WARNING - Upload attempt 3/3 failed: Upload request failed: HTTPConnectionPool(host='localhost', port=8082): Max retries exceeded with url: /v1/documents (Caused by NewConnectionError("HTTPConnection(host='localhost', port=8082): Failed to establish a new connection: [WinError 10061] No connection could be made because the target machine actively refused it"))
2026-03-02 10:47:20,956 - ingestion.processor - ERROR - Batch 1 upload failed: Upload failed after 3 attempts: Upload request failed: HTTPConnectionPool(host='localhost', port=8082): Max retries exceeded with url: /v1/documents (Caused by NewConnectionError("HTTPConnection(host='localhost', port=8082): Failed to establish a new connection: [WinError 10061] No connection could be made because the target machine actively refused it"))
2026-03-02 10:47:20,993 - ingestion.processor - INFO - No more pending files. Ingestion complete!
2026-03-02 10:47:20,998 - ingestion.main - INFO - Ingestion completed successfully
